Setting JAVA_HOME to /mnt/efs/fs1/jdk1.7.0_80

Adding /mnt/efs/fs1/jdk1.7.0_80/bin: to PATH environmental variable


Java 7 environment setup completed
Closure-113
16:28:30.934 [main] INFO edu.lu.uni.serval.tbar.AbstractFixer - Closure-113 Failed Tests: 1
Reading method line coverage from /mnt/efs/fs1/XiaInformation/AllMethods/Closure/113.txt
Reading test line coverage from /mnt/efs/fs1/XiaInformation/LineCoverage/Closure/113.txt
16:37:30.761 [main] INFO edu.lu.uni.serval.tbar.AbstractFixer - ProFL successfully initialized
16:37:30.846 [main] INFO edu.lu.uni.serval.tbar.AbstractFixer - Profl information saved to /home/ubuntu/repair-tool/tbar/ProFL-TBarFixer/Closure-113/generalSusInfo.profl
16:37:30.931 [main] INFO edu.lu.uni.serval.tbar.AbstractFixer - Profl information saved to /home/ubuntu/repair-tool/tbar/ProFL-TBarFixer/Closure-113/aggregatedSusInfo.profl
16:37:30.936 [main] INFO edu.lu.uni.serval.tbar.TBarFixer - =======StaticBugFixer: Start to fix suspicious code======
16:37:30.936 [main] DEBUG edu.lu.uni.serval.tbar.AbstractFixer - com.google.javascript.jscomp.ProcessClosurePrimitives ===169
16:37:32.434 [main] DEBUG edu.lu.uni.serval.tbar.AbstractFixer - Suspicious Code: 
error = MISSING_PROVIDE_ERROR;
16:37:32.435 [main] INFO edu.lu.uni.serval.tbar.TBarFixer - --- Looking at com.google.javascript.jscomp.ProcessClosurePrimitives:169 ---
16:37:32.435 [main] INFO edu.lu.uni.serval.tbar.TBarFixer - --- Attempting to fix com/google/javascript/jscomp/ProcessClosurePrimitives.java 169 ---
16:37:32.435 [main] INFO edu.lu.uni.serval.tbar.TBarFixer - [- com.google.javascript.jscomp.VarCheckTest::testNoUndeclaredVarWhenUsingClosurePass]
16:37:32.727 [main] DEBUG edu.lu.uni.serval.tbar.fixtemplate.FixTemplate - Patch Candidate: error = ProcessClosurePrimitives.MISSING_PROVIDE_ERROR;
16:37:32.727 [main] DEBUG edu.lu.uni.serval.tbar.fixtemplate.FixTemplate - Patch Candidate: error = INVALID_PROVIDE_ERROR;
16:37:32.727 [main] DEBUG edu.lu.uni.serval.tbar.fixtemplate.FixTemplate - Patch Candidate: error = ProcessClosurePrimitives.INVALID_PROVIDE_ERROR;
16:37:32.727 [main] DEBUG edu.lu.uni.serval.tbar.fixtemplate.FixTemplate - Patch Candidate: error = LATE_PROVIDE_ERROR;
16:37:32.727 [main] DEBUG edu.lu.uni.serval.tbar.fixtemplate.FixTemplate - Patch Candidate: error = ProcessClosurePrimitives.LATE_PROVIDE_ERROR;
16:37:32.727 [main] DEBUG edu.lu.uni.serval.tbar.fixtemplate.FixTemplate - Patch Candidate: error = INVALID_STYLE_ERROR;
16:37:32.727 [main] DEBUG edu.lu.uni.serval.tbar.fixtemplate.FixTemplate - Patch Candidate: error = ProcessClosurePrimitives.INVALID_STYLE_ERROR;
16:37:32.727 [main] DEBUG edu.lu.uni.serval.tbar.fixtemplate.FixTemplate - Patch Candidate: error = INVALID_ARGUMENT_ERROR;
16:37:32.727 [main] DEBUG edu.lu.uni.serval.tbar.fixtemplate.FixTemplate - Patch Candidate: error = ProcessClosurePrimitives.INVALID_ARGUMENT_ERROR;
16:37:32.727 [main] DEBUG edu.lu.uni.serval.tbar.fixtemplate.FixTemplate - Patch Candidate: error = XMODULE_REQUIRE_ERROR;
16:37:32.727 [main] DEBUG edu.lu.uni.serval.tbar.fixtemplate.FixTemplate - Patch Candidate: error = ProcessClosurePrimitives.XMODULE_REQUIRE_ERROR;
16:37:32.727 [main] DEBUG edu.lu.uni.serval.tbar.fixtemplate.FixTemplate - Patch Candidate: error = INVALID_DEFINE_NAME_ERROR;
16:37:32.727 [main] DEBUG edu.lu.uni.serval.tbar.fixtemplate.FixTemplate - Patch Candidate: error = ProcessClosurePrimitives.INVALID_DEFINE_NAME_ERROR;
16:37:32.727 [main] DEBUG edu.lu.uni.serval.tbar.fixtemplate.FixTemplate - Patch Candidate: error = MISSING_DEFINE_ANNOTATION;
16:37:32.727 [main] DEBUG edu.lu.uni.serval.tbar.fixtemplate.FixTemplate - Patch Candidate: error = ProcessClosurePrimitives.MISSING_DEFINE_ANNOTATION;
16:37:32.727 [main] DEBUG edu.lu.uni.serval.tbar.fixtemplate.FixTemplate - Patch Candidate: error = NULL_ARGUMENT_ERROR;
16:37:32.727 [main] DEBUG edu.lu.uni.serval.tbar.fixtemplate.FixTemplate - Patch Candidate: error = ProcessClosurePrimitives.NULL_ARGUMENT_ERROR;
16:37:32.727 [main] DEBUG edu.lu.uni.serval.tbar.fixtemplate.FixTemplate - Patch Candidate: error = TOO_MANY_ARGUMENTS_ERROR;
16:37:32.727 [main] DEBUG edu.lu.uni.serval.tbar.fixtemplate.FixTemplate - Patch Candidate: error = ProcessClosurePrimitives.TOO_MANY_ARGUMENTS_ERROR;
16:37:32.727 [main] DEBUG edu.lu.uni.serval.tbar.fixtemplate.FixTemplate - Patch Candidate: error = FUNCTION_NAMESPACE_ERROR;
16:37:32.727 [main] DEBUG edu.lu.uni.serval.tbar.fixtemplate.FixTemplate - Patch Candidate: error = ProcessClosurePrimitives.FUNCTION_NAMESPACE_ERROR;
16:37:32.728 [main] DEBUG edu.lu.uni.serval.tbar.fixtemplate.FixTemplate - Patch Candidate: error = EXPECTED_STRING_ERROR;
16:37:32.728 [main] DEBUG edu.lu.uni.serval.tbar.fixtemplate.FixTemplate - Patch Candidate: error = ProcessClosurePrimitives.EXPECTED_STRING_ERROR;
16:37:32.728 [main] DEBUG edu.lu.uni.serval.tbar.fixtemplate.FixTemplate - Patch Candidate: error = DUPLICATE_NAMESPACE_ERROR;
16:37:32.728 [main] DEBUG edu.lu.uni.serval.tbar.fixtemplate.FixTemplate - Patch Candidate: error = ProcessClosurePrimitives.DUPLICATE_NAMESPACE_ERROR;
16:37:32.728 [main] DEBUG edu.lu.uni.serval.tbar.fixtemplate.FixTemplate - Patch Candidate: error = BASE_CLASS_ERROR;
16:37:32.728 [main] DEBUG edu.lu.uni.serval.tbar.fixtemplate.FixTemplate - Patch Candidate: error = ProcessClosurePrimitives.BASE_CLASS_ERROR;
16:37:32.728 [main] DEBUG edu.lu.uni.serval.tbar.fixtemplate.FixTemplate - Patch Candidate: error = NON_STRING_PASSED_TO_SET_CSS_NAME_MAPPING_ERROR;
16:37:32.728 [main] DEBUG edu.lu.uni.serval.tbar.fixtemplate.FixTemplate - Patch Candidate: error = ProcessClosurePrimitives.NON_STRING_PASSED_TO_SET_CSS_NAME_MAPPING_ERROR;
16:37:32.728 [main] DEBUG edu.lu.uni.serval.tbar.fixtemplate.FixTemplate - Patch Candidate: error = EXPECTED_OBJECTLIT_ERROR;
16:37:32.728 [main] DEBUG edu.lu.uni.serval.tbar.fixtemplate.FixTemplate - Patch Candidate: error = ProcessClosurePrimitives.EXPECTED_OBJECTLIT_ERROR;
16:37:32.728 [main] DEBUG edu.lu.uni.serval.tbar.fixtemplate.FixTemplate - Patch Candidate: error = INVALID_CSS_RENAMING_MAP;
16:37:32.728 [main] DEBUG edu.lu.uni.serval.tbar.fixtemplate.FixTemplate - Patch Candidate: error = ProcessClosurePrimitives.INVALID_CSS_RENAMING_MAP;
16:37:32.728 [main] DEBUG edu.lu.uni.serval.tbar.fixtemplate.FixTemplate - Patch Candidate: error = error;
16:37:32.728 [main] DEBUG edu.lu.uni.serval.tbar.fixtemplate.FixTemplate - Patch Candidate: error = getExportedVariableNames();
---------------- Testing New Patch ----------------
16:37:32.729 [main] DEBUG edu.lu.uni.serval.tbar.AbstractFixer - Compiling
16:37:44.954 [main] DEBUG edu.lu.uni.serval.tbar.AbstractFixer - Finish of compiling.
16:37:44.954 [main] DEBUG edu.lu.uni.serval.tbar.AbstractFixer - Test previously failed test cases.
16:42:34.129 [main] INFO edu.lu.uni.serval.tbar.AbstractFixer - Failed tests BEFORE patch = 1, [com.google.javascript.jscomp.VarCheckTest::testNoUndeclaredVarWhenUsingClosurePass]
16:42:34.130 [main] INFO edu.lu.uni.serval.tbar.AbstractFixer - Failed tests AFTER patch = 1, [- com.google.javascript.jscomp.VarCheckTest::testNoUndeclaredVarWhenUsingClosurePass]
16:42:34.130 [main] INFO edu.lu.uni.serval.tbar.AbstractFixer - Fail->Fail test case ->com.google.javascript.jscomp.VarCheckTest::testNoUndeclaredVarWhenUsingClosurePass
16:42:34.130 [main] INFO edu.lu.uni.serval.tbar.AbstractFixer - Patch test results ff=1, fp=0, pf=0, pp=Unknown
16:42:34.130 [main] INFO edu.lu.uni.serval.tbar.AbstractFixer - [ProFL] NoneFix found
16:42:34.544 [main] INFO edu.lu.uni.serval.tbar.AbstractFixer - Profl information saved to /home/ubuntu/repair-tool/tbar/ProFL-TBarFixer/Closure-113/aggregatedSusInfo.profl
16:42:34.544 [main] DEBUG edu.lu.uni.serval.tbar.AbstractFixer - Mutated = com.google.javascript.jscomp.ProcessClosurePrimitives:process(Lcom/google/javascript/rhino/Node;Lcom/google/javascript/rhino/Node;)V in com.google.javascript.jscomp.ProcessClosurePrimitives:169
16:42:34.544 [main] DEBUG edu.lu.uni.serval.tbar.AbstractFixer - Failed Tests after fixing: 1 Closure-113
---------------- Testing New Patch ----------------
16:42:34.553 [main] DEBUG edu.lu.uni.serval.tbar.AbstractFixer - Compiling
16:42:43.745 [main] DEBUG edu.lu.uni.serval.tbar.AbstractFixer - Finish of compiling.
16:42:43.746 [main] DEBUG edu.lu.uni.serval.tbar.AbstractFixer - Test previously failed test cases.
16:51:29.701 [main] INFO edu.lu.uni.serval.tbar.AbstractFixer - Failed tests BEFORE patch = 1, [com.google.javascript.jscomp.VarCheckTest::testNoUndeclaredVarWhenUsingClosurePass]
16:51:29.701 [main] INFO edu.lu.uni.serval.tbar.AbstractFixer - Failed tests AFTER patch = 5, [- com.google.javascript.jscomp.IntegrationTest::testClosurePassOn, - com.google.javascript.jscomp.ProcessClosurePrimitivesTest::testRequireOfBaseGoog, - com.google.javascript.jscomp.ProcessClosurePrimitivesTest::testMissingProvides, - com.google.javascript.jscomp.ProcessClosurePrimitivesTest::testMissingRequireWithAdditionalProvide, - com.google.javascript.jscomp.VarCheckTest::testNoUndeclaredVarWhenUsingClosurePass]
16:51:29.701 [main] INFO edu.lu.uni.serval.tbar.AbstractFixer - Pass->Fail test case ->com.google.javascript.jscomp.IntegrationTest::testClosurePassOn
16:51:29.702 [main] INFO edu.lu.uni.serval.tbar.AbstractFixer - Pass->Fail test case ->com.google.javascript.jscomp.ProcessClosurePrimitivesTest::testRequireOfBaseGoog
16:51:29.702 [main] INFO edu.lu.uni.serval.tbar.AbstractFixer - Pass->Fail test case ->com.google.javascript.jscomp.ProcessClosurePrimitivesTest::testMissingProvides
16:51:29.702 [main] INFO edu.lu.uni.serval.tbar.AbstractFixer - Pass->Fail test case ->com.google.javascript.jscomp.ProcessClosurePrimitivesTest::testMissingRequireWithAdditionalProvide
16:51:29.702 [main] INFO edu.lu.uni.serval.tbar.AbstractFixer - Fail->Fail test case ->com.google.javascript.jscomp.VarCheckTest::testNoUndeclaredVarWhenUsingClosurePass
16:51:29.702 [main] INFO edu.lu.uni.serval.tbar.AbstractFixer - Patch test results ff=1, fp=0, pf=4, pp=Unknown
16:51:29.702 [main] INFO edu.lu.uni.serval.tbar.AbstractFixer - [ProFL] NegFix found
16:51:37.081 [main] INFO edu.lu.uni.serval.tbar.AbstractFixer - Profl information saved to /home/ubuntu/repair-tool/tbar/ProFL-TBarFixer/Closure-113/aggregatedSusInfo.profl
16:51:37.081 [main] DEBUG edu.lu.uni.serval.tbar.AbstractFixer - Mutated = com.google.javascript.jscomp.ProcessClosurePrimitives:process(Lcom/google/javascript/rhino/Node;Lcom/google/javascript/rhino/Node;)V in com.google.javascript.jscomp.ProcessClosurePrimitives:169
16:51:37.081 [main] DEBUG edu.lu.uni.serval.tbar.AbstractFixer - Failed Tests after fixing: 5 Closure-113
---------------- Testing New Patch ----------------
16:51:37.088 [main] DEBUG edu.lu.uni.serval.tbar.AbstractFixer - Compiling
16:51:46.373 [main] DEBUG edu.lu.uni.serval.tbar.AbstractFixer - Finish of compiling.
16:51:46.373 [main] DEBUG edu.lu.uni.serval.tbar.AbstractFixer - Test previously failed test cases.
16:56:19.584 [main] INFO edu.lu.uni.serval.tbar.AbstractFixer - Failed tests BEFORE patch = 1, [com.google.javascript.jscomp.VarCheckTest::testNoUndeclaredVarWhenUsingClosurePass]
16:56:19.585 [main] INFO edu.lu.uni.serval.tbar.AbstractFixer - Failed tests AFTER patch = 5, [- com.google.javascript.jscomp.IntegrationTest::testClosurePassOn, - com.google.javascript.jscomp.ProcessClosurePrimitivesTest::testRequireOfBaseGoog, - com.google.javascript.jscomp.ProcessClosurePrimitivesTest::testMissingProvides, - com.google.javascript.jscomp.ProcessClosurePrimitivesTest::testMissingRequireWithAdditionalProvide, - com.google.javascript.jscomp.VarCheckTest::testNoUndeclaredVarWhenUsingClosurePass]
16:56:19.585 [main] INFO edu.lu.uni.serval.tbar.AbstractFixer - Pass->Fail test case ->com.google.javascript.jscomp.IntegrationTest::testClosurePassOn
16:56:19.585 [main] INFO edu.lu.uni.serval.tbar.AbstractFixer - Pass->Fail test case ->com.google.javascript.jscomp.ProcessClosurePrimitivesTest::testRequireOfBaseGoog
16:56:19.585 [main] INFO edu.lu.uni.serval.tbar.AbstractFixer - Pass->Fail test case ->com.google.javascript.jscomp.ProcessClosurePrimitivesTest::testMissingProvides
16:56:19.585 [main] INFO edu.lu.uni.serval.tbar.AbstractFixer - Pass->Fail test case ->com.google.javascript.jscomp.ProcessClosurePrimitivesTest::testMissingRequireWithAdditionalProvide
16:56:19.585 [main] INFO edu.lu.uni.serval.tbar.AbstractFixer - Fail->Fail test case ->com.google.javascript.jscomp.VarCheckTest::testNoUndeclaredVarWhenUsingClosurePass
16:56:19.585 [main] INFO edu.lu.uni.serval.tbar.AbstractFixer - Patch test results ff=1, fp=0, pf=4, pp=Unknown
16:56:19.585 [main] INFO edu.lu.uni.serval.tbar.AbstractFixer - [ProFL] NegFix found
16:59:48.048 [main] INFO edu.lu.uni.serval.tbar.AbstractFixer - Profl information saved to /home/ubuntu/repair-tool/tbar/ProFL-TBarFixer/Closure-113/aggregatedSusInfo.profl
16:59:48.049 [main] DEBUG edu.lu.uni.serval.tbar.AbstractFixer - Mutated = com.google.javascript.jscomp.ProcessClosurePrimitives:process(Lcom/google/javascript/rhino/Node;Lcom/google/javascript/rhino/Node;)V in com.google.javascript.jscomp.ProcessClosurePrimitives:169
16:59:48.049 [main] DEBUG edu.lu.uni.serval.tbar.AbstractFixer - Failed Tests after fixing: 5 Closure-113
---------------- Testing New Patch ----------------
16:59:48.050 [main] DEBUG edu.lu.uni.serval.tbar.AbstractFixer - Compiling
16:59:56.917 [main] DEBUG edu.lu.uni.serval.tbar.AbstractFixer - Finish of compiling.
16:59:56.917 [main] DEBUG edu.lu.uni.serval.tbar.AbstractFixer - Test previously failed test cases.
17:04:28.452 [main] INFO edu.lu.uni.serval.tbar.AbstractFixer - Failed tests BEFORE patch = 1, [com.google.javascript.jscomp.VarCheckTest::testNoUndeclaredVarWhenUsingClosurePass]
17:04:28.452 [main] INFO edu.lu.uni.serval.tbar.AbstractFixer - Failed tests AFTER patch = 5, [- com.google.javascript.jscomp.IntegrationTest::testClosurePassOn, - com.google.javascript.jscomp.ProcessClosurePrimitivesTest::testRequireOfBaseGoog, - com.google.javascript.jscomp.ProcessClosurePrimitivesTest::testMissingProvides, - com.google.javascript.jscomp.ProcessClosurePrimitivesTest::testMissingRequireWithAdditionalProvide, - com.google.javascript.jscomp.VarCheckTest::testNoUndeclaredVarWhenUsingClosurePass]
17:04:28.452 [main] INFO edu.lu.uni.serval.tbar.AbstractFixer - Pass->Fail test case ->com.google.javascript.jscomp.IntegrationTest::testClosurePassOn
17:04:28.452 [main] INFO edu.lu.uni.serval.tbar.AbstractFixer - Pass->Fail test case ->com.google.javascript.jscomp.ProcessClosurePrimitivesTest::testRequireOfBaseGoog
17:04:28.452 [main] INFO edu.lu.uni.serval.tbar.AbstractFixer - Pass->Fail test case ->com.google.javascript.jscomp.ProcessClosurePrimitivesTest::testMissingProvides
17:04:28.453 [main] INFO edu.lu.uni.serval.tbar.AbstractFixer - Pass->Fail test case ->com.google.javascript.jscomp.ProcessClosurePrimitivesTest::testMissingRequireWithAdditionalProvide
17:04:28.453 [main] INFO edu.lu.uni.serval.tbar.AbstractFixer - Fail->Fail test case ->com.google.javascript.jscomp.VarCheckTest::testNoUndeclaredVarWhenUsingClosurePass
17:04:28.453 [main] INFO edu.lu.uni.serval.tbar.AbstractFixer - Patch test results ff=1, fp=0, pf=4, pp=Unknown
17:04:28.453 [main] INFO edu.lu.uni.serval.tbar.AbstractFixer - [ProFL] NegFix found
18:34:09.087 [main] INFO edu.lu.uni.serval.tbar.AbstractFixer - Profl information saved to /home/ubuntu/repair-tool/tbar/ProFL-TBarFixer/Closure-113/aggregatedSusInfo.profl
18:34:09.088 [main] DEBUG edu.lu.uni.serval.tbar.AbstractFixer - Mutated = com.google.javascript.jscomp.ProcessClosurePrimitives:process(Lcom/google/javascript/rhino/Node;Lcom/google/javascript/rhino/Node;)V in com.google.javascript.jscomp.ProcessClosurePrimitives:169
18:34:09.088 [main] DEBUG edu.lu.uni.serval.tbar.AbstractFixer - Failed Tests after fixing: 5 Closure-113
---------------- Testing New Patch ----------------
18:34:09.089 [main] DEBUG edu.lu.uni.serval.tbar.AbstractFixer - Compiling
18:34:17.877 [main] DEBUG edu.lu.uni.serval.tbar.AbstractFixer - Finish of compiling.
18:34:17.877 [main] DEBUG edu.lu.uni.serval.tbar.AbstractFixer - Test previously failed test cases.
18:38:51.078 [main] INFO edu.lu.uni.serval.tbar.AbstractFixer - Failed tests BEFORE patch = 1, [com.google.javascript.jscomp.VarCheckTest::testNoUndeclaredVarWhenUsingClosurePass]
18:38:51.078 [main] INFO edu.lu.uni.serval.tbar.AbstractFixer - Failed tests AFTER patch = 5, [- com.google.javascript.jscomp.IntegrationTest::testClosurePassOn, - com.google.javascript.jscomp.ProcessClosurePrimitivesTest::testRequireOfBaseGoog, - com.google.javascript.jscomp.ProcessClosurePrimitivesTest::testMissingProvides, - com.google.javascript.jscomp.ProcessClosurePrimitivesTest::testMissingRequireWithAdditionalProvide, - com.google.javascript.jscomp.VarCheckTest::testNoUndeclaredVarWhenUsingClosurePass]
18:38:51.078 [main] INFO edu.lu.uni.serval.tbar.AbstractFixer - Pass->Fail test case ->com.google.javascript.jscomp.IntegrationTest::testClosurePassOn
18:38:51.078 [main] INFO edu.lu.uni.serval.tbar.AbstractFixer - Pass->Fail test case ->com.google.javascript.jscomp.ProcessClosurePrimitivesTest::testRequireOfBaseGoog
18:38:51.078 [main] INFO edu.lu.uni.serval.tbar.AbstractFixer - Pass->Fail test case ->com.google.javascript.jscomp.ProcessClosurePrimitivesTest::testMissingProvides
18:38:51.078 [main] INFO edu.lu.uni.serval.tbar.AbstractFixer - Pass->Fail test case ->com.google.javascript.jscomp.ProcessClosurePrimitivesTest::testMissingRequireWithAdditionalProvide
18:38:51.078 [main] INFO edu.lu.uni.serval.tbar.AbstractFixer - Fail->Fail test case ->com.google.javascript.jscomp.VarCheckTest::testNoUndeclaredVarWhenUsingClosurePass
18:38:51.078 [main] INFO edu.lu.uni.serval.tbar.AbstractFixer - Patch test results ff=1, fp=0, pf=4, pp=Unknown
18:38:51.078 [main] INFO edu.lu.uni.serval.tbar.AbstractFixer - [ProFL] NegFix found
